<?xml version="1.0" encoding="UTF-8"?>
<robot generator="Robot 6.0.1 (Python 3.11.1 on win32)" generated="20230815 14:12:52.836" rpa="false" schemaversion="3">
<suite id="s1" name="Login" source="D:\Stage\amazon\Tests\login.robot">
<test id="s1-t1" name="test login page" line="10">
<kw name="ouvrir navigateur" library="Commmon" type="SETUP">
<doc>Ce keyword sert a ouvrir le navigateur</doc>
<kw name="Log To Console" library="BuiltIn">
<arg>open browser</arg>
<doc>Logs the given message to the console.</doc>
<status status="PASS" starttime="20230815 14:12:53.191" endtime="20230815 14:12:53.191"/>
</kw>
<kw name="Set Selenium Speed" library="SeleniumLibrary">
<arg>.2s</arg>
<doc>Sets the delay that is waited after each Selenium command.</doc>
<status status="PASS" starttime="20230815 14:12:53.191" endtime="20230815 14:12:53.192"/>
</kw>
<kw name="Set Selenium Timeout" library="SeleniumLibrary">
<arg>10s</arg>
<doc>Sets the timeout that is used by various keywords.</doc>
<status status="PASS" starttime="20230815 14:12:53.192" endtime="20230815 14:12:53.192"/>
</kw>
<kw name="Open Browser" library="SeleniumLibrary">
<arg>${ExecutionSettings.url}</arg>
<arg>${ExecutionSettings.browser}</arg>
<doc>Opens a new browser instance to the optional ``url``.</doc>
<msg timestamp="20230815 14:12:53.195" level="INFO">Opening browser 'chrome' to base url 'https://opensource-demo.orangehrmlive.com/web/index.php/auth/login'.</msg>
<status status="PASS" starttime="20230815 14:12:53.193" endtime="20230815 14:12:57.232"/>
</kw>
<kw name="Log To Console" library="BuiltIn">
<arg>browser ouvret</arg>
<doc>Logs the given message to the console.</doc>
<status status="PASS" starttime="20230815 14:12:57.232" endtime="20230815 14:12:57.233"/>
</kw>
<kw name="Log To Console" library="BuiltIn">
<arg>${ExecutionSettings.url}</arg>
<doc>Logs the given message to the console.</doc>
<status status="PASS" starttime="20230815 14:12:57.233" endtime="20230815 14:12:57.233"/>
</kw>
<kw name="Maximize Browser Window" library="SeleniumLibrary">
<doc>Maximizes current browser window.</doc>
<status status="PASS" starttime="20230815 14:12:57.235" endtime="20230815 14:12:57.651"/>
</kw>
<kw name="Log To Console" library="BuiltIn">
<arg>brower maximisé</arg>
<doc>Logs the given message to the console.</doc>
<status status="PASS" starttime="20230815 14:12:57.651" endtime="20230815 14:12:57.652"/>
</kw>
<kw name="Sleep" library="BuiltIn">
<arg>3</arg>
<doc>Pauses the test executed for the given time.</doc>
<msg timestamp="20230815 14:13:00.653" level="INFO">Slept 3 seconds</msg>
<status status="PASS" starttime="20230815 14:12:57.652" endtime="20230815 14:13:00.654"/>
</kw>
<kw name="Page Should Contain" library="SeleniumLibrary">
<arg>© 2005 - 2023 OrangeHRM, Inc. All rights reserved.</arg>
<doc>Verifies that current page contains ``text``.</doc>
<msg timestamp="20230815 14:13:01.087" level="INFO">Current page contains text '© 2005 - 2023 OrangeHRM, Inc. All rights reserved.'.</msg>
<status status="PASS" starttime="20230815 14:13:00.655" endtime="20230815 14:13:01.087"/>
</kw>
<status status="PASS" starttime="20230815 14:12:53.190" endtime="20230815 14:13:01.087"/>
</kw>
<kw name="Get CSV data" library="DataManager">
<var>${invalidLoginScenarios}</var>
<arg>${path}</arg>
<kw name="Read Csv File" library="Csv">
<var>${Data}</var>
<arg>${FilePath}</arg>
<msg timestamp="20230815 14:13:01.089" level="FAIL">OSError: [Errno 22] Invalid argument: '"D:\\Stage\\amazon\\Ressources\\Variables\\Data\\Users.csv"'</msg>
<status status="FAIL" starttime="20230815 14:13:01.088" endtime="20230815 14:13:01.090"/>
</kw>
<status status="FAIL" starttime="20230815 14:13:01.088" endtime="20230815 14:13:01.091"/>
</kw>
<kw name="Log To Console" library="BuiltIn">
<arg>debut test</arg>
<doc>Logs the given message to the console.</doc>
<status status="NOT RUN" starttime="20230815 14:13:01.092" endtime="20230815 14:13:01.092"/>
</kw>
<kw name="se loguer avec des invalides donnees" library="Commmon">
<arg>${invalidLoginScenarios}</arg>
<doc>Ce keyword sert a se loguer avec des invalides donnes</doc>
<status status="NOT RUN" starttime="20230815 14:13:01.092" endtime="20230815 14:13:01.092"/>
</kw>
<kw name="fermer navigateur" library="Commmon" type="TEARDOWN">
<doc>Ce keyword sert a se loguer</doc>
<kw name="Log To Console" library="BuiltIn">
<arg>femer le navigateur</arg>
<doc>Logs the given message to the console.</doc>
<status status="PASS" starttime="20230815 14:13:01.093" endtime="20230815 14:13:01.094"/>
</kw>
<kw name="Close All Browsers" library="SeleniumLibrary">
<doc>Closes all open browsers and resets the browser cache.</doc>
<status status="PASS" starttime="20230815 14:13:01.094" endtime="20230815 14:13:03.485"/>
</kw>
<status status="PASS" starttime="20230815 14:13:01.093" endtime="20230815 14:13:03.486"/>
</kw>
<status status="FAIL" starttime="20230815 14:12:53.190" endtime="20230815 14:13:03.486">OSError: [Errno 22] Invalid argument: '"D:\\Stage\\amazon\\Ressources\\Variables\\Data\\Users.csv"'</status>
</test>
<status status="FAIL" starttime="20230815 14:12:52.839" endtime="20230815 14:13:03.487"/>
</suite>
<statistics>
<total>
<stat pass="0" fail="1" skip="0">All Tests</stat>
</total>
<tag>
</tag>
<suite>
<stat pass="0" fail="1" skip="0" id="s1" name="Login">Login</stat>
</suite>
</statistics>
<errors>
</errors>
</robot>
