<?xml version="1.0" encoding="UTF-8"?>
<robot generator="Robot 6.0.1 (Python 3.11.1 on win32)" generated="20230810 12:29:39.099" rpa="false" schemaversion="3">
<suite id="s1" name="Test" source="D:\Stage\amazon\tests\test.robot">
<kw name="ouvrir navigateur" library="Commmon" type="SETUP">
<doc>Ce keyword sert a ouvrir le navigateur</doc>
<kw name="Log To Console" library="BuiltIn">
<arg>open browser</arg>
<doc>Logs the given message to the console.</doc>
<status status="PASS" starttime="20230810 12:29:39.297" endtime="20230810 12:29:39.297"/>
</kw>
<kw name="Set Selenium Speed" library="SeleniumLibrary">
<arg>.2s</arg>
<doc>Sets the delay that is waited after each Selenium command.</doc>
<status status="PASS" starttime="20230810 12:29:39.297" endtime="20230810 12:29:39.298"/>
</kw>
<kw name="Set Selenium Timeout" library="SeleniumLibrary">
<arg>10s</arg>
<doc>Sets the timeout that is used by various keywords.</doc>
<status status="PASS" starttime="20230810 12:29:39.298" endtime="20230810 12:29:39.298"/>
</kw>
<kw name="Open Browser" library="SeleniumLibrary">
<arg>${ExecutionSettings.url}</arg>
<arg>${ExecutionSettings.browser}</arg>
<doc>Opens a new browser instance to the optional ``url``.</doc>
<msg timestamp="20230810 12:29:39.298" level="INFO">Opening browser 'chrome' to base url 'https://opensource-demo.orangehrmlive.com/web/index.php/auth/login'.</msg>
<status status="PASS" starttime="20230810 12:29:39.298" endtime="20230810 12:29:45.687"/>
</kw>
<kw name="Log To Console" library="BuiltIn">
<arg>browser ouvret</arg>
<doc>Logs the given message to the console.</doc>
<status status="PASS" starttime="20230810 12:29:45.687" endtime="20230810 12:29:45.698"/>
</kw>
<kw name="Log To Console" library="BuiltIn">
<arg>${ExecutionSettings.url}</arg>
<doc>Logs the given message to the console.</doc>
<status status="PASS" starttime="20230810 12:29:45.698" endtime="20230810 12:29:45.699"/>
</kw>
<kw name="Maximize Browser Window" library="SeleniumLibrary">
<doc>Maximizes current browser window.</doc>
<status status="PASS" starttime="20230810 12:29:45.699" endtime="20230810 12:29:46.015"/>
</kw>
<kw name="Log To Console" library="BuiltIn">
<arg>brower maximisé</arg>
<doc>Logs the given message to the console.</doc>
<status status="PASS" starttime="20230810 12:29:46.015" endtime="20230810 12:29:46.015"/>
</kw>
<kw name="Sleep" library="BuiltIn">
<arg>3</arg>
<doc>Pauses the test executed for the given time.</doc>
<msg timestamp="20230810 12:29:49.015" level="INFO">Slept 3 seconds</msg>
<status status="PASS" starttime="20230810 12:29:46.015" endtime="20230810 12:29:49.015"/>
</kw>
<kw name="Page Should Contain" library="SeleniumLibrary">
<arg>© 2005 - 2023 OrangeHRM, Inc. All rights reserved.</arg>
<doc>Verifies that current page contains ``text``.</doc>
<msg timestamp="20230810 12:29:49.433" level="INFO">Current page contains text '© 2005 - 2023 OrangeHRM, Inc. All rights reserved.'.</msg>
<status status="PASS" starttime="20230810 12:29:49.015" endtime="20230810 12:29:49.433"/>
</kw>
<status status="PASS" starttime="20230810 12:29:39.297" endtime="20230810 12:29:49.433"/>
</kw>
<test id="s1-t1" name="modifier un client1" line="14">
<kw name="se loguer" library="Commmon" type="SETUP">
<doc>Ce keyword sert a se loguer</doc>
<kw name="Log To Console" library="BuiltIn">
<arg>se loguer</arg>
<doc>Logs the given message to the console.</doc>
<status status="PASS" starttime="20230810 12:29:49.433" endtime="20230810 12:29:49.434"/>
</kw>
<kw name="Sleep" library="BuiltIn">
<arg>${ExecutionSettings.Time_Stay}</arg>
<doc>Pauses the test executed for the given time.</doc>
<msg timestamp="20230810 12:29:52.435" level="INFO">Slept 3 seconds</msg>
<status status="PASS" starttime="20230810 12:29:49.434" endtime="20230810 12:29:52.435"/>
</kw>
<kw name="Page Should Contain" library="SeleniumLibrary">
<arg>Login</arg>
<doc>Verifies that current page contains ``text``.</doc>
<msg timestamp="20230810 12:29:52.849" level="INFO">Current page contains text 'Login'.</msg>
<status status="PASS" starttime="20230810 12:29:52.435" endtime="20230810 12:29:52.849"/>
</kw>
<kw name="Wait Until Page Contains" library="SeleniumLibrary">
<arg>${LoginLocator.Username.description}</arg>
<doc>Waits until ``text`` appears on the current page.</doc>
<status status="PASS" starttime="20230810 12:29:52.849" endtime="20230810 12:29:53.060"/>
</kw>
<kw name="Input Text" library="SeleniumLibrary">
<arg>${LoginLocator.Username.locator}</arg>
<arg>${LoginDataInput.Users.user1.username}</arg>
<doc>Types the given ``text`` into the text field identified by ``locator``.</doc>
<msg timestamp="20230810 12:29:53.061" level="INFO">Typing text 'Admin' into text field '//*[@id="app"]/div[1]/div/div[1]/div/div[2]/div[2]/form/div[1]/div/div[2]/input'.</msg>
<status status="PASS" starttime="20230810 12:29:53.060" endtime="20230810 12:29:53.728"/>
</kw>
<kw name="Log To Console" library="BuiltIn">
<arg>username insere</arg>
<doc>Logs the given message to the console.</doc>
<status status="PASS" starttime="20230810 12:29:53.728" endtime="20230810 12:29:53.737"/>
</kw>
<kw name="Input Password" library="SeleniumLibrary">
<arg>${LoginLocator.Password.locator}</arg>
<arg>${LoginDataInput.Users.user1.password}</arg>
<doc>Types the given password into the text field identified by ``locator``.</doc>
<msg timestamp="20230810 12:29:53.738" level="INFO">Typing password into text field '//*[@id="app"]/div[1]/div/div[1]/div/div[2]/div[2]/form/div[2]/div/div[2]/input'.</msg>
<msg timestamp="20230810 12:29:54.166" level="INFO">Temporally setting log level to: NONE</msg>
<msg timestamp="20230810 12:29:54.418" level="INFO">Log level changed from NONE to INFO.</msg>
<status status="PASS" starttime="20230810 12:29:53.737" endtime="20230810 12:29:54.418"/>
</kw>
<kw name="Log To Console" library="BuiltIn">
<arg>password insere</arg>
<doc>Logs the given message to the console.</doc>
<status status="PASS" starttime="20230810 12:29:54.418" endtime="20230810 12:29:54.433"/>
</kw>
<kw name="Click Button" library="SeleniumLibrary">
<arg>${LoginLocator.btn_Login.locator}</arg>
<doc>Clicks the button identified by ``locator``.</doc>
<msg timestamp="20230810 12:29:54.433" level="INFO">Clicking button '//*[@id="app"]/div[1]/div/div[1]/div/div[2]/div[2]/form/div[3]/button'.</msg>
<status status="PASS" starttime="20230810 12:29:54.433" endtime="20230810 12:29:55.501"/>
</kw>
<kw name="Log To Console" library="BuiltIn">
<arg>bouton login cliqué</arg>
<doc>Logs the given message to the console.</doc>
<status status="PASS" starttime="20230810 12:29:55.501" endtime="20230810 12:29:55.502"/>
</kw>
<kw name="Sleep" library="BuiltIn">
<arg>${ExecutionSettings.Time_Stay}</arg>
<doc>Pauses the test executed for the given time.</doc>
<msg timestamp="20230810 12:29:58.503" level="INFO">Slept 3 seconds</msg>
<status status="PASS" starttime="20230810 12:29:55.502" endtime="20230810 12:29:58.503"/>
</kw>
<status status="PASS" starttime="20230810 12:29:49.433" endtime="20230810 12:29:58.503"/>
</kw>
<kw name="chercher un utilisateur" library="userMangement">
<arg>${Utilisateur.ulilisateur1.Username}</arg>
<kw name="aller au link" library="Commmon">
<arg>Admin</arg>
<kw name="Wait Until Page Contains" library="SeleniumLibrary">
<arg>${link_menu}</arg>
<doc>Waits until ``text`` appears on the current page.</doc>
<status status="PASS" starttime="20230810 12:29:58.505" endtime="20230810 12:29:58.725"/>
</kw>
<kw name="Click Link" library="SeleniumLibrary">
<arg>${MenuPageAcceuil.${link_menu}.locator}</arg>
<doc>Clicks a link identified by ``locator``.</doc>
<msg timestamp="20230810 12:29:58.727" level="INFO">Clicking link '//*[@id="app"]/div[1]/div[1]/aside/nav/div[2]/ul/li[1]/a/span'.</msg>
<msg timestamp="20230810 12:29:59.469" level="INFO" html="true">&lt;/td&gt;&lt;/tr&gt;&lt;tr&gt;&lt;td colspan="3"&gt;&lt;a href="selenium-screenshot-1.png"&gt;&lt;img src="selenium-screenshot-1.png" width="800px"&gt;&lt;/a&gt;</msg>
<msg timestamp="20230810 12:29:59.470" level="FAIL">Link with locator '//*[@id="app"]/div[1]/div[1]/aside/nav/div[2]/ul/li[1]/a/span' not found.</msg>
<status status="FAIL" starttime="20230810 12:29:58.725" endtime="20230810 12:29:59.486"/>
</kw>
<kw name="Wait Until Page Contains" library="SeleniumLibrary">
<arg>${MenuPageAcceuil.${link_menu}.description}</arg>
<doc>Waits until ``text`` appears on the current page.</doc>
<status status="NOT RUN" starttime="20230810 12:29:59.486" endtime="20230810 12:29:59.486"/>
</kw>
<kw name="Sleep" library="BuiltIn">
<arg>${ExecutionSettings.Time_Stay}</arg>
<doc>Pauses the test executed for the given time.</doc>
<status status="NOT RUN" starttime="20230810 12:29:59.487" endtime="20230810 12:29:59.487"/>
</kw>
<status status="FAIL" starttime="20230810 12:29:58.505" endtime="20230810 12:29:59.487"/>
</kw>
<kw name="Input Text" library="SeleniumLibrary">
<arg>${Admin.SystemsUers.Username.locator}</arg>
<arg>${Utilisateur.ulilisateur1.Username}</arg>
<doc>Types the given ``text`` into the text field identified by ``locator``.</doc>
<status status="NOT RUN" starttime="20230810 12:29:59.487" endtime="20230810 12:29:59.487"/>
</kw>
<kw name="Sleep" library="BuiltIn">
<arg>${ExecutionSettings.Time_Stay}</arg>
<doc>Pauses the test executed for the given time.</doc>
<status status="NOT RUN" starttime="20230810 12:29:59.487" endtime="20230810 12:29:59.487"/>
</kw>
<kw name="Click Button" library="SeleniumLibrary">
<arg>${Admin.SystemsUers.btn_Search.locator}</arg>
<doc>Clicks the button identified by ``locator``.</doc>
<status status="NOT RUN" starttime="20230810 12:29:59.487" endtime="20230810 12:29:59.487"/>
</kw>
<kw name="Sleep" library="BuiltIn">
<arg>${ExecutionSettings.Time_Stay}</arg>
<doc>Pauses the test executed for the given time.</doc>
<status status="NOT RUN" starttime="20230810 12:29:59.487" endtime="20230810 12:29:59.487"/>
</kw>
<status status="FAIL" starttime="20230810 12:29:58.504" endtime="20230810 12:29:59.488"/>
</kw>
<kw name="se deloguer" library="Commmon" type="TEARDOWN">
<doc>Ce keyword est pour se deloguer</doc>
<kw name="Log To Console" library="BuiltIn">
<arg>se deloguer</arg>
<doc>Logs the given message to the console.</doc>
<status status="PASS" starttime="20230810 12:29:59.488" endtime="20230810 12:29:59.489"/>
</kw>
<kw name="Sleep" library="BuiltIn">
<arg>${ExecutionSettings.Time_Stay}</arg>
<doc>Pauses the test executed for the given time.</doc>
<msg timestamp="20230810 12:30:02.494" level="INFO">Slept 3 seconds</msg>
<status status="PASS" starttime="20230810 12:29:59.489" endtime="20230810 12:30:02.494"/>
</kw>
<kw name="Click Element" library="SeleniumLibrary">
<arg>//*[@id="app"]/div[1]/div[1]/header/div[1]/div[2]/ul/li/span</arg>
<doc>Click the element identified by ``locator``.</doc>
<msg timestamp="20230810 12:30:02.495" level="INFO">Clicking element '//*[@id="app"]/div[1]/div[1]/header/div[1]/div[2]/ul/li/span'.</msg>
<status status="PASS" starttime="20230810 12:30:02.495" endtime="20230810 12:30:02.935"/>
</kw>
<kw name="Click Element" library="SeleniumLibrary">
<arg>//*[@id="app"]/div[1]/div[1]/header/div[1]/div[2]/ul/li/ul/li[4]/a</arg>
<doc>Click the element identified by ``locator``.</doc>
<msg timestamp="20230810 12:30:02.935" level="INFO">Clicking element '//*[@id="app"]/div[1]/div[1]/header/div[1]/div[2]/ul/li/ul/li[4]/a'.</msg>
<status status="PASS" starttime="20230810 12:30:02.935" endtime="20230810 12:30:03.891"/>
</kw>
<kw name="Sleep" library="BuiltIn">
<arg>${ExecutionSettings.Time_Stay}</arg>
<doc>Pauses the test executed for the given time.</doc>
<msg timestamp="20230810 12:30:06.892" level="INFO">Slept 3 seconds</msg>
<status status="PASS" starttime="20230810 12:30:03.891" endtime="20230810 12:30:06.892"/>
</kw>
<status status="PASS" starttime="20230810 12:29:59.488" endtime="20230810 12:30:06.892"/>
</kw>
<tag>jira-125</tag>
<status status="FAIL" starttime="20230810 12:29:49.433" endtime="20230810 12:30:06.892">Link with locator '//*[@id="app"]/div[1]/div[1]/aside/nav/div[2]/ul/li[1]/a/span' not found.</status>
</test>
<test id="s1-t2" name="modifier un client2" line="17">
<kw name="se loguer" library="Commmon" type="SETUP">
<doc>Ce keyword sert a se loguer</doc>
<kw name="Log To Console" library="BuiltIn">
<arg>se loguer</arg>
<doc>Logs the given message to the console.</doc>
<status status="PASS" starttime="20230810 12:30:06.895" endtime="20230810 12:30:06.896"/>
</kw>
<kw name="Sleep" library="BuiltIn">
<arg>${ExecutionSettings.Time_Stay}</arg>
<doc>Pauses the test executed for the given time.</doc>
<msg timestamp="20230810 12:30:09.897" level="INFO">Slept 3 seconds</msg>
<status status="PASS" starttime="20230810 12:30:06.896" endtime="20230810 12:30:09.897"/>
</kw>
<kw name="Page Should Contain" library="SeleniumLibrary">
<arg>Login</arg>
<doc>Verifies that current page contains ``text``.</doc>
<msg timestamp="20230810 12:30:10.316" level="INFO">Current page contains text 'Login'.</msg>
<status status="PASS" starttime="20230810 12:30:09.897" endtime="20230810 12:30:10.316"/>
</kw>
<kw name="Wait Until Page Contains" library="SeleniumLibrary">
<arg>${LoginLocator.Username.description}</arg>
<doc>Waits until ``text`` appears on the current page.</doc>
<status status="PASS" starttime="20230810 12:30:10.316" endtime="20230810 12:30:10.529"/>
</kw>
<kw name="Input Text" library="SeleniumLibrary">
<arg>${LoginLocator.Username.locator}</arg>
<arg>${LoginDataInput.Users.user1.username}</arg>
<doc>Types the given ``text`` into the text field identified by ``locator``.</doc>
<msg timestamp="20230810 12:30:10.530" level="INFO">Typing text 'Admin' into text field '//*[@id="app"]/div[1]/div/div[1]/div/div[2]/div[2]/form/div[1]/div/div[2]/input'.</msg>
<status status="PASS" starttime="20230810 12:30:10.529" endtime="20230810 12:30:11.192"/>
</kw>
<kw name="Log To Console" library="BuiltIn">
<arg>username insere</arg>
<doc>Logs the given message to the console.</doc>
<status status="PASS" starttime="20230810 12:30:11.192" endtime="20230810 12:30:11.193"/>
</kw>
<kw name="Input Password" library="SeleniumLibrary">
<arg>${LoginLocator.Password.locator}</arg>
<arg>${LoginDataInput.Users.user1.password}</arg>
<doc>Types the given password into the text field identified by ``locator``.</doc>
<msg timestamp="20230810 12:30:11.194" level="INFO">Typing password into text field '//*[@id="app"]/div[1]/div/div[1]/div/div[2]/div[2]/form/div[2]/div/div[2]/input'.</msg>
<msg timestamp="20230810 12:30:11.641" level="INFO">Temporally setting log level to: NONE</msg>
<msg timestamp="20230810 12:30:11.900" level="INFO">Log level changed from NONE to INFO.</msg>
<status status="PASS" starttime="20230810 12:30:11.193" endtime="20230810 12:30:11.900"/>
</kw>
<kw name="Log To Console" library="BuiltIn">
<arg>password insere</arg>
<doc>Logs the given message to the console.</doc>
<status status="PASS" starttime="20230810 12:30:11.900" endtime="20230810 12:30:11.901"/>
</kw>
<kw name="Click Button" library="SeleniumLibrary">
<arg>${LoginLocator.btn_Login.locator}</arg>
<doc>Clicks the button identified by ``locator``.</doc>
<msg timestamp="20230810 12:30:11.903" level="INFO">Clicking button '//*[@id="app"]/div[1]/div/div[1]/div/div[2]/div[2]/form/div[3]/button'.</msg>
<status status="PASS" starttime="20230810 12:30:11.901" endtime="20230810 12:30:13.000"/>
</kw>
<kw name="Log To Console" library="BuiltIn">
<arg>bouton login cliqué</arg>
<doc>Logs the given message to the console.</doc>
<status status="PASS" starttime="20230810 12:30:13.000" endtime="20230810 12:30:13.001"/>
</kw>
<kw name="Sleep" library="BuiltIn">
<arg>${ExecutionSettings.Time_Stay}</arg>
<doc>Pauses the test executed for the given time.</doc>
<msg timestamp="20230810 12:30:16.002" level="INFO">Slept 3 seconds</msg>
<status status="PASS" starttime="20230810 12:30:13.001" endtime="20230810 12:30:16.002"/>
</kw>
<status status="PASS" starttime="20230810 12:30:06.895" endtime="20230810 12:30:16.002"/>
</kw>
<kw name="chercher un utilisateur" library="userMangement">
<arg>${Utilisateur.ulilisateur2.Username}</arg>
<kw name="aller au link" library="Commmon">
<arg>Admin</arg>
<kw name="Wait Until Page Contains" library="SeleniumLibrary">
<arg>${link_menu}</arg>
<doc>Waits until ``text`` appears on the current page.</doc>
<status status="PASS" starttime="20230810 12:30:16.005" endtime="20230810 12:30:16.222"/>
</kw>
<kw name="Click Link" library="SeleniumLibrary">
<arg>${MenuPageAcceuil.${link_menu}.locator}</arg>
<doc>Clicks a link identified by ``locator``.</doc>
<msg timestamp="20230810 12:30:16.224" level="INFO">Clicking link '//*[@id="app"]/div[1]/div[1]/aside/nav/div[2]/ul/li[1]/a/span'.</msg>
<msg timestamp="20230810 12:30:16.992" level="INFO" html="true">&lt;/td&gt;&lt;/tr&gt;&lt;tr&gt;&lt;td colspan="3"&gt;&lt;a href="selenium-screenshot-2.png"&gt;&lt;img src="selenium-screenshot-2.png" width="800px"&gt;&lt;/a&gt;</msg>
<msg timestamp="20230810 12:30:16.992" level="FAIL">Link with locator '//*[@id="app"]/div[1]/div[1]/aside/nav/div[2]/ul/li[1]/a/span' not found.</msg>
<status status="FAIL" starttime="20230810 12:30:16.222" endtime="20230810 12:30:16.994"/>
</kw>
<kw name="Wait Until Page Contains" library="SeleniumLibrary">
<arg>${MenuPageAcceuil.${link_menu}.description}</arg>
<doc>Waits until ``text`` appears on the current page.</doc>
<status status="NOT RUN" starttime="20230810 12:30:16.994" endtime="20230810 12:30:16.994"/>
</kw>
<kw name="Sleep" library="BuiltIn">
<arg>${ExecutionSettings.Time_Stay}</arg>
<doc>Pauses the test executed for the given time.</doc>
<status status="NOT RUN" starttime="20230810 12:30:16.994" endtime="20230810 12:30:16.994"/>
</kw>
<status status="FAIL" starttime="20230810 12:30:16.004" endtime="20230810 12:30:16.994"/>
</kw>
<kw name="Input Text" library="SeleniumLibrary">
<arg>${Admin.SystemsUers.Username.locator}</arg>
<arg>${Utilisateur.ulilisateur1.Username}</arg>
<doc>Types the given ``text`` into the text field identified by ``locator``.</doc>
<status status="NOT RUN" starttime="20230810 12:30:16.994" endtime="20230810 12:30:16.994"/>
</kw>
<kw name="Sleep" library="BuiltIn">
<arg>${ExecutionSettings.Time_Stay}</arg>
<doc>Pauses the test executed for the given time.</doc>
<status status="NOT RUN" starttime="20230810 12:30:16.994" endtime="20230810 12:30:16.994"/>
</kw>
<kw name="Click Button" library="SeleniumLibrary">
<arg>${Admin.SystemsUers.btn_Search.locator}</arg>
<doc>Clicks the button identified by ``locator``.</doc>
<status status="NOT RUN" starttime="20230810 12:30:16.994" endtime="20230810 12:30:16.994"/>
</kw>
<kw name="Sleep" library="BuiltIn">
<arg>${ExecutionSettings.Time_Stay}</arg>
<doc>Pauses the test executed for the given time.</doc>
<status status="NOT RUN" starttime="20230810 12:30:16.994" endtime="20230810 12:30:16.994"/>
</kw>
<status status="FAIL" starttime="20230810 12:30:16.002" endtime="20230810 12:30:16.995"/>
</kw>
<kw name="se deloguer" library="Commmon" type="TEARDOWN">
<doc>Ce keyword est pour se deloguer</doc>
<kw name="Log To Console" library="BuiltIn">
<arg>se deloguer</arg>
<doc>Logs the given message to the console.</doc>
<status status="PASS" starttime="20230810 12:30:16.995" endtime="20230810 12:30:16.996"/>
</kw>
<kw name="Sleep" library="BuiltIn">
<arg>${ExecutionSettings.Time_Stay}</arg>
<doc>Pauses the test executed for the given time.</doc>
<msg timestamp="20230810 12:30:19.996" level="INFO">Slept 3 seconds</msg>
<status status="PASS" starttime="20230810 12:30:16.996" endtime="20230810 12:30:19.996"/>
</kw>
<kw name="Click Element" library="SeleniumLibrary">
<arg>//*[@id="app"]/div[1]/div[1]/header/div[1]/div[2]/ul/li/span</arg>
<doc>Click the element identified by ``locator``.</doc>
<msg timestamp="20230810 12:30:19.997" level="INFO">Clicking element '//*[@id="app"]/div[1]/div[1]/header/div[1]/div[2]/ul/li/span'.</msg>
<status status="PASS" starttime="20230810 12:30:19.996" endtime="20230810 12:30:20.473"/>
</kw>
<kw name="Click Element" library="SeleniumLibrary">
<arg>//*[@id="app"]/div[1]/div[1]/header/div[1]/div[2]/ul/li/ul/li[4]/a</arg>
<doc>Click the element identified by ``locator``.</doc>
<msg timestamp="20230810 12:30:20.474" level="INFO">Clicking element '//*[@id="app"]/div[1]/div[1]/header/div[1]/div[2]/ul/li/ul/li[4]/a'.</msg>
<status status="PASS" starttime="20230810 12:30:20.473" endtime="20230810 12:30:21.433"/>
</kw>
<kw name="Sleep" library="BuiltIn">
<arg>${ExecutionSettings.Time_Stay}</arg>
<doc>Pauses the test executed for the given time.</doc>
<msg timestamp="20230810 12:30:24.434" level="INFO">Slept 3 seconds</msg>
<status status="PASS" starttime="20230810 12:30:21.433" endtime="20230810 12:30:24.434"/>
</kw>
<status status="PASS" starttime="20230810 12:30:16.995" endtime="20230810 12:30:24.434"/>
</kw>
<tag>jira-126</tag>
<status status="FAIL" starttime="20230810 12:30:06.894" endtime="20230810 12:30:24.434">Link with locator '//*[@id="app"]/div[1]/div[1]/aside/nav/div[2]/ul/li[1]/a/span' not found.</status>
</test>
<test id="s1-t3" name="modifier un client3" line="20">
<kw name="se loguer" library="Commmon" type="SETUP">
<doc>Ce keyword sert a se loguer</doc>
<kw name="Log To Console" library="BuiltIn">
<arg>se loguer</arg>
<doc>Logs the given message to the console.</doc>
<status status="PASS" starttime="20230810 12:30:24.436" endtime="20230810 12:30:24.437"/>
</kw>
<kw name="Sleep" library="BuiltIn">
<arg>${ExecutionSettings.Time_Stay}</arg>
<doc>Pauses the test executed for the given time.</doc>
<msg timestamp="20230810 12:30:27.438" level="INFO">Slept 3 seconds</msg>
<status status="PASS" starttime="20230810 12:30:24.437" endtime="20230810 12:30:27.438"/>
</kw>
<kw name="Page Should Contain" library="SeleniumLibrary">
<arg>Login</arg>
<doc>Verifies that current page contains ``text``.</doc>
<msg timestamp="20230810 12:30:27.856" level="INFO">Current page contains text 'Login'.</msg>
<status status="PASS" starttime="20230810 12:30:27.438" endtime="20230810 12:30:27.856"/>
</kw>
<kw name="Wait Until Page Contains" library="SeleniumLibrary">
<arg>${LoginLocator.Username.description}</arg>
<doc>Waits until ``text`` appears on the current page.</doc>
<status status="PASS" starttime="20230810 12:30:27.856" endtime="20230810 12:30:28.064"/>
</kw>
<kw name="Input Text" library="SeleniumLibrary">
<arg>${LoginLocator.Username.locator}</arg>
<arg>${LoginDataInput.Users.user1.username}</arg>
<doc>Types the given ``text`` into the text field identified by ``locator``.</doc>
<msg timestamp="20230810 12:30:28.065" level="INFO">Typing text 'Admin' into text field '//*[@id="app"]/div[1]/div/div[1]/div/div[2]/div[2]/form/div[1]/div/div[2]/input'.</msg>
<status status="PASS" starttime="20230810 12:30:28.064" endtime="20230810 12:30:28.775"/>
</kw>
<kw name="Log To Console" library="BuiltIn">
<arg>username insere</arg>
<doc>Logs the given message to the console.</doc>
<status status="PASS" starttime="20230810 12:30:28.775" endtime="20230810 12:30:28.776"/>
</kw>
<kw name="Input Password" library="SeleniumLibrary">
<arg>${LoginLocator.Password.locator}</arg>
<arg>${LoginDataInput.Users.user1.password}</arg>
<doc>Types the given password into the text field identified by ``locator``.</doc>
<msg timestamp="20230810 12:30:28.780" level="INFO">Typing password into text field '//*[@id="app"]/div[1]/div/div[1]/div/div[2]/div[2]/form/div[2]/div/div[2]/input'.</msg>
<msg timestamp="20230810 12:30:29.214" level="INFO">Temporally setting log level to: NONE</msg>
<msg timestamp="20230810 12:30:29.453" level="INFO">Log level changed from NONE to INFO.</msg>
<status status="PASS" starttime="20230810 12:30:28.778" endtime="20230810 12:30:29.453"/>
</kw>
<kw name="Log To Console" library="BuiltIn">
<arg>password insere</arg>
<doc>Logs the given message to the console.</doc>
<status status="PASS" starttime="20230810 12:30:29.453" endtime="20230810 12:30:29.454"/>
</kw>
<kw name="Click Button" library="SeleniumLibrary">
<arg>${LoginLocator.btn_Login.locator}</arg>
<doc>Clicks the button identified by ``locator``.</doc>
<msg timestamp="20230810 12:30:29.455" level="INFO">Clicking button '//*[@id="app"]/div[1]/div/div[1]/div/div[2]/div[2]/form/div[3]/button'.</msg>
<status status="PASS" starttime="20230810 12:30:29.454" endtime="20230810 12:30:30.533"/>
</kw>
<kw name="Log To Console" library="BuiltIn">
<arg>bouton login cliqué</arg>
<doc>Logs the given message to the console.</doc>
<status status="PASS" starttime="20230810 12:30:30.533" endtime="20230810 12:30:30.533"/>
</kw>
<kw name="Sleep" library="BuiltIn">
<arg>${ExecutionSettings.Time_Stay}</arg>
<doc>Pauses the test executed for the given time.</doc>
<msg timestamp="20230810 12:30:33.534" level="INFO">Slept 3 seconds</msg>
<status status="PASS" starttime="20230810 12:30:30.534" endtime="20230810 12:30:33.534"/>
</kw>
<status status="PASS" starttime="20230810 12:30:24.436" endtime="20230810 12:30:33.534"/>
</kw>
<kw name="chercher un utilisateur" library="userMangement">
<arg>${Utilisateur.ulilisateur3.Username}</arg>
<kw name="aller au link" library="Commmon">
<arg>Admin</arg>
<kw name="Wait Until Page Contains" library="SeleniumLibrary">
<arg>${link_menu}</arg>
<doc>Waits until ``text`` appears on the current page.</doc>
<status status="PASS" starttime="20230810 12:30:33.536" endtime="20230810 12:30:33.756"/>
</kw>
<kw name="Click Link" library="SeleniumLibrary">
<arg>${MenuPageAcceuil.${link_menu}.locator}</arg>
<doc>Clicks a link identified by ``locator``.</doc>
<msg timestamp="20230810 12:30:33.758" level="INFO">Clicking link '//*[@id="app"]/div[1]/div[1]/aside/nav/div[2]/ul/li[1]/a/span'.</msg>
<msg timestamp="20230810 12:30:34.628" level="INFO" html="true">&lt;/td&gt;&lt;/tr&gt;&lt;tr&gt;&lt;td colspan="3"&gt;&lt;a href="selenium-screenshot-3.png"&gt;&lt;img src="selenium-screenshot-3.png" width="800px"&gt;&lt;/a&gt;</msg>
<msg timestamp="20230810 12:30:34.629" level="FAIL">Link with locator '//*[@id="app"]/div[1]/div[1]/aside/nav/div[2]/ul/li[1]/a/span' not found.</msg>
<status status="FAIL" starttime="20230810 12:30:33.756" endtime="20230810 12:30:34.630"/>
</kw>
<kw name="Wait Until Page Contains" library="SeleniumLibrary">
<arg>${MenuPageAcceuil.${link_menu}.description}</arg>
<doc>Waits until ``text`` appears on the current page.</doc>
<status status="NOT RUN" starttime="20230810 12:30:34.631" endtime="20230810 12:30:34.631"/>
</kw>
<kw name="Sleep" library="BuiltIn">
<arg>${ExecutionSettings.Time_Stay}</arg>
<doc>Pauses the test executed for the given time.</doc>
<status status="NOT RUN" starttime="20230810 12:30:34.631" endtime="20230810 12:30:34.631"/>
</kw>
<status status="FAIL" starttime="20230810 12:30:33.536" endtime="20230810 12:30:34.631"/>
</kw>
<kw name="Input Text" library="SeleniumLibrary">
<arg>${Admin.SystemsUers.Username.locator}</arg>
<arg>${Utilisateur.ulilisateur1.Username}</arg>
<doc>Types the given ``text`` into the text field identified by ``locator``.</doc>
<status status="NOT RUN" starttime="20230810 12:30:34.631" endtime="20230810 12:30:34.631"/>
</kw>
<kw name="Sleep" library="BuiltIn">
<arg>${ExecutionSettings.Time_Stay}</arg>
<doc>Pauses the test executed for the given time.</doc>
<status status="NOT RUN" starttime="20230810 12:30:34.631" endtime="20230810 12:30:34.631"/>
</kw>
<kw name="Click Button" library="SeleniumLibrary">
<arg>${Admin.SystemsUers.btn_Search.locator}</arg>
<doc>Clicks the button identified by ``locator``.</doc>
<status status="NOT RUN" starttime="20230810 12:30:34.631" endtime="20230810 12:30:34.631"/>
</kw>
<kw name="Sleep" library="BuiltIn">
<arg>${ExecutionSettings.Time_Stay}</arg>
<doc>Pauses the test executed for the given time.</doc>
<status status="NOT RUN" starttime="20230810 12:30:34.631" endtime="20230810 12:30:34.631"/>
</kw>
<status status="FAIL" starttime="20230810 12:30:33.534" endtime="20230810 12:30:34.632"/>
</kw>
<kw name="se deloguer" library="Commmon" type="TEARDOWN">
<doc>Ce keyword est pour se deloguer</doc>
<kw name="Log To Console" library="BuiltIn">
<arg>se deloguer</arg>
<doc>Logs the given message to the console.</doc>
<status status="PASS" starttime="20230810 12:30:34.632" endtime="20230810 12:30:34.633"/>
</kw>
<kw name="Sleep" library="BuiltIn">
<arg>${ExecutionSettings.Time_Stay}</arg>
<doc>Pauses the test executed for the given time.</doc>
<msg timestamp="20230810 12:30:37.635" level="INFO">Slept 3 seconds</msg>
<status status="PASS" starttime="20230810 12:30:34.633" endtime="20230810 12:30:37.635"/>
</kw>
<kw name="Click Element" library="SeleniumLibrary">
<arg>//*[@id="app"]/div[1]/div[1]/header/div[1]/div[2]/ul/li/span</arg>
<doc>Click the element identified by ``locator``.</doc>
<msg timestamp="20230810 12:30:37.635" level="INFO">Clicking element '//*[@id="app"]/div[1]/div[1]/header/div[1]/div[2]/ul/li/span'.</msg>
<status status="PASS" starttime="20230810 12:30:37.635" endtime="20230810 12:30:38.064"/>
</kw>
<kw name="Click Element" library="SeleniumLibrary">
<arg>//*[@id="app"]/div[1]/div[1]/header/div[1]/div[2]/ul/li/ul/li[4]/a</arg>
<doc>Click the element identified by ``locator``.</doc>
<msg timestamp="20230810 12:30:38.066" level="INFO">Clicking element '//*[@id="app"]/div[1]/div[1]/header/div[1]/div[2]/ul/li/ul/li[4]/a'.</msg>
<status status="PASS" starttime="20230810 12:30:38.064" endtime="20230810 12:30:39.037"/>
</kw>
<kw name="Sleep" library="BuiltIn">
<arg>${ExecutionSettings.Time_Stay}</arg>
<doc>Pauses the test executed for the given time.</doc>
<msg timestamp="20230810 12:30:42.038" level="INFO">Slept 3 seconds</msg>
<status status="PASS" starttime="20230810 12:30:39.037" endtime="20230810 12:30:42.038"/>
</kw>
<status status="PASS" starttime="20230810 12:30:34.632" endtime="20230810 12:30:42.038"/>
</kw>
<tag>jira-127</tag>
<status status="FAIL" starttime="20230810 12:30:24.435" endtime="20230810 12:30:42.039">Link with locator '//*[@id="app"]/div[1]/div[1]/aside/nav/div[2]/ul/li[1]/a/span' not found.</status>
</test>
<kw name="fermer navigateur" library="Commmon" type="TEARDOWN">
<doc>Ce keyword sert a se loguer</doc>
<kw name="Log To Console" library="BuiltIn">
<arg>femer le navigateur</arg>
<doc>Logs the given message to the console.</doc>
<status status="PASS" starttime="20230810 12:30:42.043" endtime="20230810 12:30:42.043"/>
</kw>
<kw name="Close All Browsers" library="SeleniumLibrary">
<doc>Closes all open browsers and resets the browser cache.</doc>
<status status="PASS" starttime="20230810 12:30:42.043" endtime="20230810 12:30:44.342"/>
</kw>
<status status="PASS" starttime="20230810 12:30:42.043" endtime="20230810 12:30:44.343"/>
</kw>
<doc>mon premier test</doc>
<status status="FAIL" starttime="20230810 12:29:39.102" endtime="20230810 12:30:44.343"/>
</suite>
<statistics>
<total>
<stat pass="0" fail="3" skip="0">All Tests</stat>
</total>
<tag>
<stat pass="0" fail="1" skip="0">jira-125</stat>
<stat pass="0" fail="1" skip="0">jira-126</stat>
<stat pass="0" fail="1" skip="0">jira-127</stat>
</tag>
<suite>
<stat pass="0" fail="3" skip="0" id="s1" name="Test">Test</stat>
</suite>
</statistics>
<errors>
</errors>
</robot>
