<?xml version="1.0" encoding="UTF-8"?>
<robot generator="Robot 6.0.1 (Python 3.11.1 on win32)" generated="20230810 10:41:29.253" rpa="false" schemaversion="3">
<suite id="s1" name="Test" source="D:\Stage\amazon\tests\test.robot">
<test id="s1-t1" name="Should be able to add new customer" line="11">
<kw name="ouvrir navigateur" library="Commmon" type="SETUP">
<doc>Ce keyword sert a ouvrir le navigateur</doc>
<kw name="Log To Console" library="BuiltIn">
<arg>open browser</arg>
<doc>Logs the given message to the console.</doc>
<status status="PASS" starttime="20230810 10:41:29.405" endtime="20230810 10:41:29.407"/>
</kw>
<kw name="Set Selenium Speed" library="SeleniumLibrary">
<arg>.2s</arg>
<doc>Sets the delay that is waited after each Selenium command.</doc>
<status status="PASS" starttime="20230810 10:41:29.407" endtime="20230810 10:41:29.407"/>
</kw>
<kw name="Set Selenium Timeout" library="SeleniumLibrary">
<arg>10s</arg>
<doc>Sets the timeout that is used by various keywords.</doc>
<status status="PASS" starttime="20230810 10:41:29.407" endtime="20230810 10:41:29.407"/>
</kw>
<kw name="Open Browser" library="SeleniumLibrary">
<arg>https://opensource-demo.orangehrmlive.com/web/index.php/auth/login</arg>
<arg>chrome</arg>
<doc>Opens a new browser instance to the optional ``url``.</doc>
<msg timestamp="20230810 10:41:29.407" level="INFO">Opening browser 'chrome' to base url 'https://opensource-demo.orangehrmlive.com/web/index.php/auth/login'.</msg>
<status status="PASS" starttime="20230810 10:41:29.407" endtime="20230810 10:41:32.711"/>
</kw>
<kw name="Log To Console" library="BuiltIn">
<arg>https://opensource-demo.orangehrmlive.com/web/index.php/auth/login</arg>
<doc>Logs the given message to the console.</doc>
<status status="PASS" starttime="20230810 10:41:32.711" endtime="20230810 10:41:32.712"/>
</kw>
<kw name="Maximize Browser Window" library="SeleniumLibrary">
<doc>Maximizes current browser window.</doc>
<status status="PASS" starttime="20230810 10:41:32.712" endtime="20230810 10:41:33.028"/>
</kw>
<kw name="Sleep" library="BuiltIn">
<arg>3</arg>
<doc>Pauses the test executed for the given time.</doc>
<msg timestamp="20230810 10:41:36.029" level="INFO">Slept 3 seconds</msg>
<status status="PASS" starttime="20230810 10:41:33.028" endtime="20230810 10:41:36.029"/>
</kw>
<kw name="Page Should Contain" library="SeleniumLibrary">
<arg>© 2005 - 2023 OrangeHRM, Inc. All rights reserved.</arg>
<doc>Verifies that current page contains ``text``.</doc>
<msg timestamp="20230810 10:41:36.446" level="INFO">Current page contains text '© 2005 - 2023 OrangeHRM, Inc. All rights reserved.'.</msg>
<status status="PASS" starttime="20230810 10:41:36.029" endtime="20230810 10:41:36.446"/>
</kw>
<status status="PASS" starttime="20230810 10:41:29.405" endtime="20230810 10:41:36.446"/>
</kw>
<kw name="se loguer" library="Commmon">
<doc>Ce keyword sert a se loguer</doc>
<kw name="Log To Console" library="BuiltIn">
<arg>se loguer</arg>
<doc>Logs the given message to the console.</doc>
<status status="PASS" starttime="20230810 10:41:36.447" endtime="20230810 10:41:36.447"/>
</kw>
<kw name="Sleep" library="BuiltIn">
<arg>3</arg>
<doc>Pauses the test executed for the given time.</doc>
<msg timestamp="20230810 10:41:39.448" level="INFO">Slept 3 seconds</msg>
<status status="PASS" starttime="20230810 10:41:36.447" endtime="20230810 10:41:39.448"/>
</kw>
<kw name="Page Should Contain" library="SeleniumLibrary">
<arg>Login</arg>
<doc>Verifies that current page contains ``text``.</doc>
<msg timestamp="20230810 10:41:39.872" level="INFO">Current page contains text 'Login'.</msg>
<status status="PASS" starttime="20230810 10:41:39.448" endtime="20230810 10:41:39.872"/>
</kw>
<kw name="Wait Until Page Contains" library="SeleniumLibrary">
<arg>${LoginLocator.Username.description}</arg>
<doc>Waits until ``text`` appears on the current page.</doc>
<msg timestamp="20230810 10:41:39.873" level="FAIL">Resolving variable '${LoginLocator.Username.description}' failed: AttributeError: description</msg>
<status status="FAIL" starttime="20230810 10:41:39.872" endtime="20230810 10:41:39.873"/>
</kw>
<kw name="Input Text" library="SeleniumLibrary">
<arg>${LoginLocator.Username.Locator}</arg>
<arg>${LoginDataInput.Users.user1.username}</arg>
<doc>Types the given ``text`` into the text field identified by ``locator``.</doc>
<status status="NOT RUN" starttime="20230810 10:41:39.873" endtime="20230810 10:41:39.873"/>
</kw>
<kw name="Input Password" library="SeleniumLibrary">
<arg>${LoginLocator.Password.Locator}</arg>
<arg>${LoginDataInput.Users.user1.password}</arg>
<doc>Types the given password into the text field identified by ``locator``.</doc>
<status status="NOT RUN" starttime="20230810 10:41:39.873" endtime="20230810 10:41:39.873"/>
</kw>
<kw name="Click Button" library="SeleniumLibrary">
<arg>${LoginLocator.btn_Login.Locator}</arg>
<doc>Clicks the button identified by ``locator``.</doc>
<status status="NOT RUN" starttime="20230810 10:41:39.873" endtime="20230810 10:41:39.873"/>
</kw>
<kw name="Sleep" library="BuiltIn">
<arg>3</arg>
<doc>Pauses the test executed for the given time.</doc>
<status status="NOT RUN" starttime="20230810 10:41:39.873" endtime="20230810 10:41:39.873"/>
</kw>
<status status="FAIL" starttime="20230810 10:41:36.447" endtime="20230810 10:41:39.873"/>
</kw>
<kw name="fermer navigateur" library="Commmon" type="TEARDOWN">
<doc>Ce keyword sert a se loguer</doc>
<kw name="Log To Console" library="BuiltIn">
<arg>femer le navigateur</arg>
<doc>Logs the given message to the console.</doc>
<status status="PASS" starttime="20230810 10:41:39.875" endtime="20230810 10:41:39.876"/>
</kw>
<kw name="Close All Browsers" library="SeleniumLibrary">
<doc>Closes all open browsers and resets the browser cache.</doc>
<status status="PASS" starttime="20230810 10:41:39.876" endtime="20230810 10:41:42.159"/>
</kw>
<status status="PASS" starttime="20230810 10:41:39.875" endtime="20230810 10:41:42.159"/>
</kw>
<status status="FAIL" starttime="20230810 10:41:29.405" endtime="20230810 10:41:42.159">Resolving variable '${LoginLocator.Username.description}' failed: AttributeError: description</status>
</test>
<doc>mon premier test</doc>
<status status="FAIL" starttime="20230810 10:41:29.255" endtime="20230810 10:41:42.160"/>
</suite>
<statistics>
<total>
<stat pass="0" fail="1" skip="0">All Tests</stat>
</total>
<tag>
</tag>
<suite>
<stat pass="0" fail="1" skip="0" id="s1" name="Test">Test</stat>
</suite>
</statistics>
<errors>
</errors>
</robot>
