<?xml version="1.0" encoding="UTF-8"?>
<robot generator="Robot 6.0.1 (Python 3.11.1 on win32)" generated="20230810 10:55:20.781" rpa="false" schemaversion="3">
<suite id="s1" name="Test" source="D:\Stage\amazon\tests\test.robot">
<test id="s1-t1" name="Should be able to add new customer" line="11">
<kw name="ouvrir navigateur" library="Commmon" type="SETUP">
<doc>Ce keyword sert a ouvrir le navigateur</doc>
<kw name="Log To Console" library="BuiltIn">
<arg>open browser</arg>
<doc>Logs the given message to the console.</doc>
<status status="PASS" starttime="20230810 10:55:20.926" endtime="20230810 10:55:20.926"/>
</kw>
<kw name="Set Selenium Speed" library="SeleniumLibrary">
<arg>.2s</arg>
<doc>Sets the delay that is waited after each Selenium command.</doc>
<status status="PASS" starttime="20230810 10:55:20.926" endtime="20230810 10:55:20.926"/>
</kw>
<kw name="Set Selenium Timeout" library="SeleniumLibrary">
<arg>10s</arg>
<doc>Sets the timeout that is used by various keywords.</doc>
<status status="PASS" starttime="20230810 10:55:20.926" endtime="20230810 10:55:20.926"/>
</kw>
<kw name="Open Browser" library="SeleniumLibrary">
<arg>${ExecutionSettings.url}</arg>
<arg>${ExecutionSettings.browser}</arg>
<doc>Opens a new browser instance to the optional ``url``.</doc>
<msg timestamp="20230810 10:55:20.927" level="INFO">Opening browser 'chrome' to base url 'https://opensource-demo.orangehrmlive.com/web/index.php/auth/login'.</msg>
<status status="PASS" starttime="20230810 10:55:20.926" endtime="20230810 10:55:24.934"/>
</kw>
<kw name="Log To Console" library="BuiltIn">
<arg>browser ouvret</arg>
<doc>Logs the given message to the console.</doc>
<status status="PASS" starttime="20230810 10:55:24.934" endtime="20230810 10:55:24.934"/>
</kw>
<kw name="Log To Console" library="BuiltIn">
<arg>${ExecutionSettings.url}</arg>
<doc>Logs the given message to the console.</doc>
<status status="PASS" starttime="20230810 10:55:24.934" endtime="20230810 10:55:24.936"/>
</kw>
<kw name="Maximize Browser Window" library="SeleniumLibrary">
<doc>Maximizes current browser window.</doc>
<status status="PASS" starttime="20230810 10:55:24.936" endtime="20230810 10:55:25.402"/>
</kw>
<kw name="Log To Console" library="BuiltIn">
<arg>brower maximisé</arg>
<doc>Logs the given message to the console.</doc>
<status status="PASS" starttime="20230810 10:55:25.402" endtime="20230810 10:55:25.402"/>
</kw>
<kw name="Sleep" library="BuiltIn">
<arg>3</arg>
<doc>Pauses the test executed for the given time.</doc>
<msg timestamp="20230810 10:55:28.402" level="INFO">Slept 3 seconds</msg>
<status status="PASS" starttime="20230810 10:55:25.402" endtime="20230810 10:55:28.402"/>
</kw>
<kw name="Page Should Contain" library="SeleniumLibrary">
<arg>© 2005 - 2023 OrangeHRM, Inc. All rights reserved.</arg>
<doc>Verifies that current page contains ``text``.</doc>
<msg timestamp="20230810 10:55:28.826" level="INFO">Current page contains text '© 2005 - 2023 OrangeHRM, Inc. All rights reserved.'.</msg>
<status status="PASS" starttime="20230810 10:55:28.402" endtime="20230810 10:55:28.826"/>
</kw>
<status status="PASS" starttime="20230810 10:55:20.926" endtime="20230810 10:55:28.826"/>
</kw>
<kw name="se loguer" library="Commmon">
<doc>Ce keyword sert a se loguer</doc>
<kw name="Log To Console" library="BuiltIn">
<arg>se loguer</arg>
<doc>Logs the given message to the console.</doc>
<status status="PASS" starttime="20230810 10:55:28.826" endtime="20230810 10:55:28.827"/>
</kw>
<kw name="Sleep" library="BuiltIn">
<arg>3</arg>
<doc>Pauses the test executed for the given time.</doc>
<msg timestamp="20230810 10:55:31.827" level="INFO">Slept 3 seconds</msg>
<status status="PASS" starttime="20230810 10:55:28.827" endtime="20230810 10:55:31.827"/>
</kw>
<kw name="Page Should Contain" library="SeleniumLibrary">
<arg>Login</arg>
<doc>Verifies that current page contains ``text``.</doc>
<msg timestamp="20230810 10:55:32.277" level="INFO">Current page contains text 'Login'.</msg>
<status status="PASS" starttime="20230810 10:55:31.827" endtime="20230810 10:55:32.277"/>
</kw>
<kw name="Wait Until Page Contains" library="SeleniumLibrary">
<arg>${LoginLocator.Username.description}</arg>
<doc>Waits until ``text`` appears on the current page.</doc>
<status status="PASS" starttime="20230810 10:55:32.277" endtime="20230810 10:55:32.524"/>
</kw>
<kw name="Input Text" library="SeleniumLibrary">
<arg>${LoginLocator.Username.locator}</arg>
<arg>${LoginDataInput.Users.user1.username}</arg>
<doc>Types the given ``text`` into the text field identified by ``locator``.</doc>
<msg timestamp="20230810 10:55:32.525" level="INFO">Typing text 'Admin' into text field '//*[@id="app"]/div[1]/div/div[1]/div/div[2]/div[2]/form/div[1]/div/div[2]/input'.</msg>
<status status="PASS" starttime="20230810 10:55:32.524" endtime="20230810 10:55:33.358"/>
</kw>
<kw name="Log To Console" library="BuiltIn">
<arg>username insere</arg>
<doc>Logs the given message to the console.</doc>
<status status="PASS" starttime="20230810 10:55:33.358" endtime="20230810 10:55:33.359"/>
</kw>
<kw name="Input Password" library="SeleniumLibrary">
<arg>${LoginLocator.Password.locator}</arg>
<arg>${LoginDataInput.Users.user1.password}</arg>
<doc>Types the given password into the text field identified by ``locator``.</doc>
<msg timestamp="20230810 10:55:33.360" level="INFO">Typing password into text field '//*[@id="app"]/div[1]/div/div[1]/div/div[2]/div[2]/form/div[2]/div/div[2]/input'.</msg>
<msg timestamp="20230810 10:55:33.877" level="INFO">Temporally setting log level to: NONE</msg>
<msg timestamp="20230810 10:55:34.183" level="INFO">Log level changed from NONE to INFO.</msg>
<status status="PASS" starttime="20230810 10:55:33.360" endtime="20230810 10:55:34.183"/>
</kw>
<kw name="Log To Console" library="BuiltIn">
<arg>password insere</arg>
<doc>Logs the given message to the console.</doc>
<status status="PASS" starttime="20230810 10:55:34.183" endtime="20230810 10:55:34.197"/>
</kw>
<kw name="Click Button" library="SeleniumLibrary">
<arg>${LoginLocator.btn_Login.locator}</arg>
<doc>Clicks the button identified by ``locator``.</doc>
<msg timestamp="20230810 10:55:34.198" level="INFO">Clicking button '//*[@id="app"]/div[1]/div/div[1]/div/div[2]/div[2]/form/div[3]/button'.</msg>
<status status="PASS" starttime="20230810 10:55:34.197" endtime="20230810 10:55:36.378"/>
</kw>
<kw name="Log To Console" library="BuiltIn">
<arg>bouton login cliqué</arg>
<doc>Logs the given message to the console.</doc>
<status status="PASS" starttime="20230810 10:55:36.378" endtime="20230810 10:55:36.379"/>
</kw>
<kw name="Sleep" library="BuiltIn">
<arg>3</arg>
<doc>Pauses the test executed for the given time.</doc>
<msg timestamp="20230810 10:55:39.379" level="INFO">Slept 3 seconds</msg>
<status status="PASS" starttime="20230810 10:55:36.379" endtime="20230810 10:55:39.379"/>
</kw>
<status status="PASS" starttime="20230810 10:55:28.826" endtime="20230810 10:55:39.379"/>
</kw>
<kw name="fermer navigateur" library="Commmon" type="TEARDOWN">
<doc>Ce keyword sert a se loguer</doc>
<kw name="Log To Console" library="BuiltIn">
<arg>femer le navigateur</arg>
<doc>Logs the given message to the console.</doc>
<status status="PASS" starttime="20230810 10:55:39.379" endtime="20230810 10:55:39.380"/>
</kw>
<kw name="Close All Browsers" library="SeleniumLibrary">
<doc>Closes all open browsers and resets the browser cache.</doc>
<status status="PASS" starttime="20230810 10:55:39.380" endtime="20230810 10:55:41.644"/>
</kw>
<status status="PASS" starttime="20230810 10:55:39.379" endtime="20230810 10:55:41.644"/>
</kw>
<status status="PASS" starttime="20230810 10:55:20.925" endtime="20230810 10:55:41.645"/>
</test>
<doc>mon premier test</doc>
<status status="PASS" starttime="20230810 10:55:20.782" endtime="20230810 10:55:41.647"/>
</suite>
<statistics>
<total>
<stat pass="1" fail="0" skip="0">All Tests</stat>
</total>
<tag>
</tag>
<suite>
<stat pass="1" fail="0" skip="0" id="s1" name="Test">Test</stat>
</suite>
</statistics>
<errors>
</errors>
</robot>
