<?xml version="1.0" encoding="UTF-8"?>
<robot generator="Robot 6.0.1 (Python 3.11.1 on win32)" generated="20230810 10:42:30.697" rpa="false" schemaversion="3">
<suite id="s1" name="Test" source="D:\Stage\amazon\tests\test.robot">
<test id="s1-t1" name="Should be able to add new customer" line="11">
<kw name="ouvrir navigateur" library="Commmon" type="SETUP">
<doc>Ce keyword sert a ouvrir le navigateur</doc>
<kw name="Log To Console" library="BuiltIn">
<arg>open browser</arg>
<doc>Logs the given message to the console.</doc>
<status status="PASS" starttime="20230810 10:42:30.846" endtime="20230810 10:42:30.847"/>
</kw>
<kw name="Set Selenium Speed" library="SeleniumLibrary">
<arg>.2s</arg>
<doc>Sets the delay that is waited after each Selenium command.</doc>
<status status="PASS" starttime="20230810 10:42:30.847" endtime="20230810 10:42:30.847"/>
</kw>
<kw name="Set Selenium Timeout" library="SeleniumLibrary">
<arg>10s</arg>
<doc>Sets the timeout that is used by various keywords.</doc>
<status status="PASS" starttime="20230810 10:42:30.847" endtime="20230810 10:42:30.847"/>
</kw>
<kw name="Open Browser" library="SeleniumLibrary">
<arg>https://opensource-demo.orangehrmlive.com/web/index.php/auth/login</arg>
<arg>chrome</arg>
<doc>Opens a new browser instance to the optional ``url``.</doc>
<msg timestamp="20230810 10:42:30.847" level="INFO">Opening browser 'chrome' to base url 'https://opensource-demo.orangehrmlive.com/web/index.php/auth/login'.</msg>
<status status="PASS" starttime="20230810 10:42:30.847" endtime="20230810 10:42:34.673"/>
</kw>
<kw name="Log To Console" library="BuiltIn">
<arg>https://opensource-demo.orangehrmlive.com/web/index.php/auth/login</arg>
<doc>Logs the given message to the console.</doc>
<status status="PASS" starttime="20230810 10:42:34.673" endtime="20230810 10:42:34.674"/>
</kw>
<kw name="Maximize Browser Window" library="SeleniumLibrary">
<doc>Maximizes current browser window.</doc>
<status status="PASS" starttime="20230810 10:42:34.674" endtime="20230810 10:42:34.990"/>
</kw>
<kw name="Sleep" library="BuiltIn">
<arg>3</arg>
<doc>Pauses the test executed for the given time.</doc>
<msg timestamp="20230810 10:42:37.991" level="INFO">Slept 3 seconds</msg>
<status status="PASS" starttime="20230810 10:42:34.990" endtime="20230810 10:42:37.991"/>
</kw>
<kw name="Page Should Contain" library="SeleniumLibrary">
<arg>© 2005 - 2023 OrangeHRM, Inc. All rights reserved.</arg>
<doc>Verifies that current page contains ``text``.</doc>
<msg timestamp="20230810 10:42:38.404" level="INFO">Current page contains text '© 2005 - 2023 OrangeHRM, Inc. All rights reserved.'.</msg>
<status status="PASS" starttime="20230810 10:42:37.991" endtime="20230810 10:42:38.404"/>
</kw>
<status status="PASS" starttime="20230810 10:42:30.846" endtime="20230810 10:42:38.404"/>
</kw>
<kw name="se loguer" library="Commmon">
<doc>Ce keyword sert a se loguer</doc>
<kw name="Log To Console" library="BuiltIn">
<arg>se loguer</arg>
<doc>Logs the given message to the console.</doc>
<status status="PASS" starttime="20230810 10:42:38.405" endtime="20230810 10:42:38.405"/>
</kw>
<kw name="Sleep" library="BuiltIn">
<arg>3</arg>
<doc>Pauses the test executed for the given time.</doc>
<msg timestamp="20230810 10:42:41.406" level="INFO">Slept 3 seconds</msg>
<status status="PASS" starttime="20230810 10:42:38.405" endtime="20230810 10:42:41.406"/>
</kw>
<kw name="Page Should Contain" library="SeleniumLibrary">
<arg>Login</arg>
<doc>Verifies that current page contains ``text``.</doc>
<msg timestamp="20230810 10:42:41.825" level="INFO">Current page contains text 'Login'.</msg>
<status status="PASS" starttime="20230810 10:42:41.406" endtime="20230810 10:42:41.825"/>
</kw>
<kw name="Wait Until Page Contains" library="SeleniumLibrary">
<arg>${LoginLocator.Username.description}</arg>
<doc>Waits until ``text`` appears on the current page.</doc>
<status status="PASS" starttime="20230810 10:42:41.825" endtime="20230810 10:42:42.040"/>
</kw>
<kw name="Input Text" library="SeleniumLibrary">
<arg>${LoginLocator.Username.Locator}</arg>
<arg>${LoginDataInput.Users.user1.username}</arg>
<doc>Types the given ``text`` into the text field identified by ``locator``.</doc>
<msg timestamp="20230810 10:42:42.041" level="FAIL">Resolving variable '${LoginLocator.Username.Locator}' failed: AttributeError: Locator</msg>
<status status="FAIL" starttime="20230810 10:42:42.040" endtime="20230810 10:42:42.041"/>
</kw>
<kw name="Input Password" library="SeleniumLibrary">
<arg>${LoginLocator.Password.Locator}</arg>
<arg>${LoginDataInput.Users.user1.password}</arg>
<doc>Types the given password into the text field identified by ``locator``.</doc>
<status status="NOT RUN" starttime="20230810 10:42:42.041" endtime="20230810 10:42:42.041"/>
</kw>
<kw name="Click Button" library="SeleniumLibrary">
<arg>${LoginLocator.btn_Login.Locator}</arg>
<doc>Clicks the button identified by ``locator``.</doc>
<status status="NOT RUN" starttime="20230810 10:42:42.041" endtime="20230810 10:42:42.041"/>
</kw>
<kw name="Sleep" library="BuiltIn">
<arg>3</arg>
<doc>Pauses the test executed for the given time.</doc>
<status status="NOT RUN" starttime="20230810 10:42:42.041" endtime="20230810 10:42:42.042"/>
</kw>
<status status="FAIL" starttime="20230810 10:42:38.404" endtime="20230810 10:42:42.042"/>
</kw>
<kw name="fermer navigateur" library="Commmon" type="TEARDOWN">
<doc>Ce keyword sert a se loguer</doc>
<kw name="Log To Console" library="BuiltIn">
<arg>femer le navigateur</arg>
<doc>Logs the given message to the console.</doc>
<status status="PASS" starttime="20230810 10:42:42.042" endtime="20230810 10:42:42.043"/>
</kw>
<kw name="Close All Browsers" library="SeleniumLibrary">
<doc>Closes all open browsers and resets the browser cache.</doc>
<status status="PASS" starttime="20230810 10:42:42.043" endtime="20230810 10:42:44.319"/>
</kw>
<status status="PASS" starttime="20230810 10:42:42.042" endtime="20230810 10:42:44.319"/>
</kw>
<status status="FAIL" starttime="20230810 10:42:30.846" endtime="20230810 10:42:44.320">Resolving variable '${LoginLocator.Username.Locator}' failed: AttributeError: Locator</status>
</test>
<doc>mon premier test</doc>
<status status="FAIL" starttime="20230810 10:42:30.700" endtime="20230810 10:42:44.321"/>
</suite>
<statistics>
<total>
<stat pass="0" fail="1" skip="0">All Tests</stat>
</total>
<tag>
</tag>
<suite>
<stat pass="0" fail="1" skip="0" id="s1" name="Test">Test</stat>
</suite>
</statistics>
<errors>
</errors>
</robot>
