<?xml version="1.0" encoding="UTF-8"?>
<robot generator="Robot 6.0.1 (Python 3.11.1 on win32)" generated="20230809 16:10:08.833" rpa="false" schemaversion="3">
<suite id="s1" name="Test" source="D:\Stage\amazon\tests\test.robot">
<test id="s1-t1" name="Should be able to add new customer" line="11">
<kw name="ouvrir navigateur" library="Commmon" type="SETUP">
<doc>Ce keyword sert a ouvrir le navigateur</doc>
<kw name="Log To Console" library="BuiltIn">
<arg>open browser</arg>
<doc>Logs the given message to the console.</doc>
<status status="PASS" starttime="20230809 16:10:08.992" endtime="20230809 16:10:08.993"/>
</kw>
<kw name="Set Selenium Speed" library="SeleniumLibrary">
<arg>.2s</arg>
<doc>Sets the delay that is waited after each Selenium command.</doc>
<status status="PASS" starttime="20230809 16:10:08.993" endtime="20230809 16:10:08.993"/>
</kw>
<kw name="Set Selenium Timeout" library="SeleniumLibrary">
<arg>10s</arg>
<doc>Sets the timeout that is used by various keywords.</doc>
<status status="PASS" starttime="20230809 16:10:08.993" endtime="20230809 16:10:08.993"/>
</kw>
<kw name="Open Browser" library="SeleniumLibrary">
<arg>https://opensource-demo.orangehrmlive.com/web/index.php/auth/login</arg>
<arg>chrome</arg>
<doc>Opens a new browser instance to the optional ``url``.</doc>
<msg timestamp="20230809 16:10:08.993" level="INFO">Opening browser 'chrome' to base url 'https://opensource-demo.orangehrmlive.com/web/index.php/auth/login'.</msg>
<status status="PASS" starttime="20230809 16:10:08.993" endtime="20230809 16:10:13.439"/>
</kw>
<kw name="Log To Console" library="BuiltIn">
<arg>https://opensource-demo.orangehrmlive.com/web/index.php/auth/login</arg>
<doc>Logs the given message to the console.</doc>
<status status="PASS" starttime="20230809 16:10:13.439" endtime="20230809 16:10:13.440"/>
</kw>
<kw name="Maximize Browser Window" library="SeleniumLibrary">
<doc>Maximizes current browser window.</doc>
<status status="PASS" starttime="20230809 16:10:13.440" endtime="20230809 16:10:13.814"/>
</kw>
<kw name="Sleep" library="BuiltIn">
<arg>3</arg>
<doc>Pauses the test executed for the given time.</doc>
<msg timestamp="20230809 16:10:16.814" level="INFO">Slept 3 seconds</msg>
<status status="PASS" starttime="20230809 16:10:13.814" endtime="20230809 16:10:16.814"/>
</kw>
<kw name="Page Should Contain" library="SeleniumLibrary">
<arg>© 2005 - 2023 OrangeHRM, Inc. All rights reserved.</arg>
<doc>Verifies that current page contains ``text``.</doc>
<msg timestamp="20230809 16:10:17.229" level="INFO">Current page contains text '© 2005 - 2023 OrangeHRM, Inc. All rights reserved.'.</msg>
<status status="PASS" starttime="20230809 16:10:16.815" endtime="20230809 16:10:17.229"/>
</kw>
<status status="PASS" starttime="20230809 16:10:08.992" endtime="20230809 16:10:17.229"/>
</kw>
<for flavor="IN RANGE">
<var>${counter}</var>
<value>0</value>
<value>2</value>
<iter>
<var name="${counter}">0</var>
<kw name="Log" library="BuiltIn">
<arg>${counter}</arg>
<doc>Logs the given message with the given level.</doc>
<msg timestamp="20230809 16:10:17.231" level="INFO">0</msg>
<status status="PASS" starttime="20230809 16:10:17.230" endtime="20230809 16:10:17.231"/>
</kw>
<kw name="se loguer" library="Commmon">
<doc>Ce keyword sert a se loguer</doc>
<kw name="Log To Console" library="BuiltIn">
<arg>se loguer</arg>
<doc>Logs the given message to the console.</doc>
<status status="PASS" starttime="20230809 16:10:17.232" endtime="20230809 16:10:17.232"/>
</kw>
<kw name="Sleep" library="BuiltIn">
<arg>3</arg>
<doc>Pauses the test executed for the given time.</doc>
<msg timestamp="20230809 16:10:20.234" level="INFO">Slept 3 seconds</msg>
<status status="PASS" starttime="20230809 16:10:17.232" endtime="20230809 16:10:20.234"/>
</kw>
<kw name="Page Should Contain" library="SeleniumLibrary">
<arg>Login</arg>
<doc>Verifies that current page contains ``text``.</doc>
<msg timestamp="20230809 16:10:20.650" level="INFO">Current page contains text 'Login'.</msg>
<status status="PASS" starttime="20230809 16:10:20.234" endtime="20230809 16:10:20.650"/>
</kw>
<kw name="Input Text" library="SeleniumLibrary">
<arg>//*[@id="app"]/div[1]/div/div[1]/div/div[2]/div[2]/form/div[1]/div/div[2]/input</arg>
<arg>${LoginDataInput.Users.user1.username}</arg>
<doc>Types the given ``text`` into the text field identified by ``locator``.</doc>
<msg timestamp="20230809 16:10:20.652" level="INFO">Typing text 'Admin' into text field '//*[@id="app"]/div[1]/div/div[1]/div/div[2]/div[2]/form/div[1]/div/div[2]/input'.</msg>
<status status="PASS" starttime="20230809 16:10:20.650" endtime="20230809 16:10:21.333"/>
</kw>
<kw name="Input Password" library="SeleniumLibrary">
<arg>//*[@id="app"]/div[1]/div/div[1]/div/div[2]/div[2]/form/div[2]/div/div[2]/input</arg>
<arg>${LoginDataInput.Users.user1.password}</arg>
<doc>Types the given password into the text field identified by ``locator``.</doc>
<msg timestamp="20230809 16:10:21.336" level="INFO">Typing password into text field '//*[@id="app"]/div[1]/div/div[1]/div/div[2]/div[2]/form/div[2]/div/div[2]/input'.</msg>
<msg timestamp="20230809 16:10:21.770" level="INFO">Temporally setting log level to: NONE</msg>
<msg timestamp="20230809 16:10:22.032" level="INFO">Log level changed from NONE to INFO.</msg>
<status status="PASS" starttime="20230809 16:10:21.333" endtime="20230809 16:10:22.032"/>
</kw>
<kw name="Click Button" library="SeleniumLibrary">
<arg>//*[@id="app"]/div[1]/div/div[1]/div/div[2]/div[2]/form/div[3]/button</arg>
<doc>Clicks the button identified by ``locator``.</doc>
<msg timestamp="20230809 16:10:22.033" level="INFO">Clicking button '//*[@id="app"]/div[1]/div/div[1]/div/div[2]/div[2]/form/div[3]/button'.</msg>
<status status="PASS" starttime="20230809 16:10:22.032" endtime="20230809 16:10:24.174"/>
</kw>
<kw name="Sleep" library="BuiltIn">
<arg>3</arg>
<doc>Pauses the test executed for the given time.</doc>
<msg timestamp="20230809 16:10:27.174" level="INFO">Slept 3 seconds</msg>
<status status="PASS" starttime="20230809 16:10:24.174" endtime="20230809 16:10:27.174"/>
</kw>
<status status="PASS" starttime="20230809 16:10:17.231" endtime="20230809 16:10:27.174"/>
</kw>
<kw name="Close All Browsers" library="SeleniumLibrary">
<doc>Closes all open browsers and resets the browser cache.</doc>
<status status="PASS" starttime="20230809 16:10:27.174" endtime="20230809 16:10:29.946"/>
</kw>
<status status="PASS" starttime="20230809 16:10:17.230" endtime="20230809 16:10:29.946"/>
</iter>
<iter>
<var name="${counter}">1</var>
<kw name="Log" library="BuiltIn">
<arg>${counter}</arg>
<doc>Logs the given message with the given level.</doc>
<msg timestamp="20230809 16:10:29.947" level="INFO">1</msg>
<status status="PASS" starttime="20230809 16:10:29.947" endtime="20230809 16:10:29.947"/>
</kw>
<kw name="se loguer" library="Commmon">
<doc>Ce keyword sert a se loguer</doc>
<kw name="Log To Console" library="BuiltIn">
<arg>se loguer</arg>
<doc>Logs the given message to the console.</doc>
<status status="PASS" starttime="20230809 16:10:29.948" endtime="20230809 16:10:29.948"/>
</kw>
<kw name="Sleep" library="BuiltIn">
<arg>3</arg>
<doc>Pauses the test executed for the given time.</doc>
<msg timestamp="20230809 16:10:32.948" level="INFO">Slept 3 seconds</msg>
<status status="PASS" starttime="20230809 16:10:29.948" endtime="20230809 16:10:32.948"/>
</kw>
<kw name="Page Should Contain" library="SeleniumLibrary">
<arg>Login</arg>
<doc>Verifies that current page contains ``text``.</doc>
<msg timestamp="20230809 16:10:32.948" level="INFO">Cannot capture screenshot because no browser is open.</msg>
<msg timestamp="20230809 16:10:32.949" level="FAIL">No browser is open.</msg>
<status status="FAIL" starttime="20230809 16:10:32.948" endtime="20230809 16:10:32.965"/>
</kw>
<kw name="Input Text" library="SeleniumLibrary">
<arg>//*[@id="app"]/div[1]/div/div[1]/div/div[2]/div[2]/form/div[1]/div/div[2]/input</arg>
<arg>${LoginDataInput.Users.user1.username}</arg>
<doc>Types the given ``text`` into the text field identified by ``locator``.</doc>
<status status="NOT RUN" starttime="20230809 16:10:32.965" endtime="20230809 16:10:32.965"/>
</kw>
<kw name="Input Password" library="SeleniumLibrary">
<arg>//*[@id="app"]/div[1]/div/div[1]/div/div[2]/div[2]/form/div[2]/div/div[2]/input</arg>
<arg>${LoginDataInput.Users.user1.password}</arg>
<doc>Types the given password into the text field identified by ``locator``.</doc>
<status status="NOT RUN" starttime="20230809 16:10:32.965" endtime="20230809 16:10:32.965"/>
</kw>
<kw name="Click Button" library="SeleniumLibrary">
<arg>//*[@id="app"]/div[1]/div/div[1]/div/div[2]/div[2]/form/div[3]/button</arg>
<doc>Clicks the button identified by ``locator``.</doc>
<status status="NOT RUN" starttime="20230809 16:10:32.965" endtime="20230809 16:10:32.965"/>
</kw>
<kw name="Sleep" library="BuiltIn">
<arg>3</arg>
<doc>Pauses the test executed for the given time.</doc>
<status status="NOT RUN" starttime="20230809 16:10:32.966" endtime="20230809 16:10:32.966"/>
</kw>
<status status="FAIL" starttime="20230809 16:10:29.947" endtime="20230809 16:10:32.966"/>
</kw>
<kw name="Close All Browsers" library="SeleniumLibrary">
<doc>Closes all open browsers and resets the browser cache.</doc>
<status status="NOT RUN" starttime="20230809 16:10:32.966" endtime="20230809 16:10:32.966"/>
</kw>
<status status="FAIL" starttime="20230809 16:10:29.946" endtime="20230809 16:10:32.966"/>
</iter>
<status status="FAIL" starttime="20230809 16:10:17.230" endtime="20230809 16:10:32.966"/>
</for>
<kw name="fermer navigateur" library="Commmon" type="TEARDOWN">
<doc>Ce keyword sert a se loguer</doc>
<kw name="Log To Console" library="BuiltIn">
<arg>femer le navigateur</arg>
<doc>Logs the given message to the console.</doc>
<status status="PASS" starttime="20230809 16:10:32.967" endtime="20230809 16:10:32.968"/>
</kw>
<kw name="Close All Browsers" library="SeleniumLibrary">
<doc>Closes all open browsers and resets the browser cache.</doc>
<status status="PASS" starttime="20230809 16:10:32.968" endtime="20230809 16:10:32.968"/>
</kw>
<status status="PASS" starttime="20230809 16:10:32.967" endtime="20230809 16:10:32.968"/>
</kw>
<status status="FAIL" starttime="20230809 16:10:08.992" endtime="20230809 16:10:32.969">No browser is open.</status>
</test>
<doc>mon premier test</doc>
<status status="FAIL" starttime="20230809 16:10:08.837" endtime="20230809 16:10:32.970"/>
</suite>
<statistics>
<total>
<stat pass="0" fail="1" skip="0">All Tests</stat>
</total>
<tag>
</tag>
<suite>
<stat pass="0" fail="1" skip="0" id="s1" name="Test">Test</stat>
</suite>
</statistics>
<errors>
</errors>
</robot>
